# JRE version: Java(TM) SE Runtime Environment (8.0_191-b12) (build 1.8.0_191-b12)
# Java VM: Java HotSpot(TM) Client VM (25.191-b12 mixed mode windows-x86 )
Heap:
 def new generation   total 4928K, used 4532K [0x04e00000, 0x05350000, 0x0a350000)
  eden space 4416K,  91% used [0x04e00000, 0x051ed160, 0x05250000)
  from space 512K, 100% used [0x052d0000, 0x05350000, 0x05350000)
  to   space 512K,   0% used [0x05250000, 0x05250000, 0x052d0000)
 tenured generation   total 10944K, used 4509K [0x0a350000, 0x0ae00000, 0x14e00000)
   the space 10944K,  41% used [0x0a350000, 0x0a7b7638, 0x0a7b7800, 0x0ae00000)
 Metaspace       used 7088K, capacity 7271K, committed 7296K, reserved 7552K
GC Heap History (10 events):
Event: 1.407 GC heap before
{Heap before GC invocations=0 (full 0):
 def new generation   total 4928K, used 4413K [0x04e00000, 0x05350000, 0x0a350000)
  eden space 4416K,  99% used [0x04e00000, 0x0524f6c8, 0x05250000)
  from space 512K,   0% used [0x05250000, 0x05250000, 0x052d0000)
  to   space 512K,   0% used [0x052d0000, 0x052d0000, 0x05350000)
 tenured generation   total 10944K, used 0K [0x0a350000, 0x0ae00000, 0x14e00000)
   the space 10944K,   0% used [0x0a350000, 0x0a350000, 0x0a350200, 0x0ae00000)
 Metaspace       used 4115K, capacity 4254K, committed 4288K, reserved 4480K
Event: 1.412 GC heap after
Heap after GC invocations=1 (full 0):
 def new generation   total 4928K, used 512K [0x04e00000, 0x05350000, 0x0a350000)
  eden space 4416K,   0% used [0x04e00000, 0x04e00000, 0x05250000)
  from space 512K, 100% used [0x052d0000, 0x05350000, 0x05350000)
  to   space 512K,   0% used [0x05250000, 0x05250000, 0x052d0000)
 tenured generation   total 10944K, used 959K [0x0a350000, 0x0ae00000, 0x14e00000)
   the space 10944K,   8% used [0x0a350000, 0x0a43fdd8, 0x0a43fe00, 0x0ae00000)
 Metaspace       used 4115K, capacity 4254K, committed 4288K, reserved 4480K
}
Event: 1.766 GC heap before
{Heap before GC invocations=1 (full 0):
 def new generation   total 4928K, used 4928K [0x04e00000, 0x05350000, 0x0a350000)
  eden space 4416K, 100% used [0x04e00000, 0x05250000, 0x05250000)
  from space 512K, 100% used [0x052d0000, 0x05350000, 0x05350000)
  to   space 512K,   0% used [0x05250000, 0x05250000, 0x052d0000)
 tenured generation   total 10944K, used 959K [0x0a350000, 0x0ae00000, 0x14e00000)
   the space 10944K,   8% used [0x0a350000, 0x0a43fdd8, 0x0a43fe00, 0x0ae00000)
 Metaspace       used 5033K, capacity 5185K, committed 5248K, reserved 5504K
Event: 1.770 GC heap after
Heap after GC invocations=2 (full 0):
 def new generation   total 4928K, used 512K [0x04e00000, 0x05350000, 0x0a350000)
  eden space 4416K,   0% used [0x04e00000, 0x04e00000, 0x05250000)
  from space 512K, 100% used [0x05250000, 0x052d0000, 0x052d0000)
  to   space 512K,   0% used [0x052d0000, 0x052d0000, 0x05350000)
 tenured generation   total 10944K, used 1935K [0x0a350000, 0x0ae00000, 0x14e00000)
   the space 10944K,  17% used [0x0a350000, 0x0a533ec8, 0x0a534000, 0x0ae00000)
 Metaspace       used 5033K, capacity 5185K, committed 5248K, reserved 5504K
}
Event: 2.063 GC heap before
{Heap before GC invocations=2 (full 0):
 def new generation   total 4928K, used 4928K [0x04e00000, 0x05350000, 0x0a350000)
  eden space 4416K, 100% used [0x04e00000, 0x05250000, 0x05250000)
  from space 512K, 100% used [0x05250000, 0x052d0000, 0x052d0000)
  to   space 512K,   0% used [0x052d0000, 0x052d0000, 0x05350000)
 tenured generation   total 10944K, used 1935K [0x0a350000, 0x0ae00000, 0x14e00000)
   the space 10944K,  17% used [0x0a350000, 0x0a533ec8, 0x0a534000, 0x0ae00000)
 Metaspace       used 5497K, capacity 5634K, committed 5760K, reserved 6528K
Event: 2.068 GC heap after
Heap after GC invocations=3 (full 0):
 def new generation   total 4928K, used 512K [0x04e00000, 0x05350000, 0x0a350000)
  eden space 4416K,   0% used [0x04e00000, 0x04e00000, 0x05250000)
  from space 512K, 100% used [0x052d0000, 0x05350000, 0x05350000)
  to   space 512K,   0% used [0x05250000, 0x05250000, 0x052d0000)
 tenured generation   total 10944K, used 2857K [0x0a350000, 0x0ae00000, 0x14e00000)
   the space 10944K,  26% used [0x0a350000, 0x0a61a430, 0x0a61a600, 0x0ae00000)
 Metaspace       used 5497K, capacity 5634K, committed 5760K, reserved 6528K
}
Event: 2.117 GC heap before
{Heap before GC invocations=3 (full 0):
 def new generation   total 4928K, used 4928K [0x04e00000, 0x05350000, 0x0a350000)
  eden space 4416K, 100% used [0x04e00000, 0x05250000, 0x05250000)
  from space 512K, 100% used [0x052d0000, 0x05350000, 0x05350000)
  to   space 512K,   0% used [0x05250000, 0x05250000, 0x052d0000)
 tenured generation   total 10944K, used 2857K [0x0a350000, 0x0ae00000, 0x14e00000)
   the space 10944K,  26% used [0x0a350000, 0x0a61a430, 0x0a61a600, 0x0ae00000)
 Metaspace       used 5816K, capacity 5988K, committed 6016K, reserved 6528K
Event: 2.121 GC heap after
Heap after GC invocations=4 (full 0):
 def new generation   total 4928K, used 512K [0x04e00000, 0x05350000, 0x0a350000)
  eden space 4416K,   0% used [0x04e00000, 0x04e00000, 0x05250000)
  from space 512K, 100% used [0x05250000, 0x052d0000, 0x052d0000)
  to   space 512K,   0% used [0x052d0000, 0x052d0000, 0x05350000)
 tenured generation   total 10944K, used 3623K [0x0a350000, 0x0ae00000, 0x14e00000)
   the space 10944K,  33% used [0x0a350000, 0x0a6d9ce0, 0x0a6d9e00, 0x0ae00000)
 Metaspace       used 5816K, capacity 5988K, committed 6016K, reserved 6528K
}
Event: 2.221 GC heap before
{Heap before GC invocations=4 (full 0):
 def new generation   total 4928K, used 4928K [0x04e00000, 0x05350000, 0x0a350000)
  eden space 4416K, 100% used [0x04e00000, 0x05250000, 0x05250000)
  from space 512K, 100% used [0x05250000, 0x052d0000, 0x052d0000)
  to   space 512K,   0% used [0x052d0000, 0x052d0000, 0x05350000)
 tenured generation   total 10944K, used 3623K [0x0a350000, 0x0ae00000, 0x14e00000)
   the space 10944K,  33% used [0x0a350000, 0x0a6d9ce0, 0x0a6d9e00, 0x0ae00000)
 Metaspace       used 6117K, capacity 6276K, committed 6400K, reserved 6528K
Event: 2.224 GC heap after
Heap after GC invocations=5 (full 0):
 def new generation   total 4928K, used 512K [0x04e00000, 0x05350000, 0x0a350000)
  eden space 4416K,   0% used [0x04e00000, 0x04e00000, 0x05250000)
  from space 512K, 100% used [0x052d0000, 0x05350000, 0x05350000)
  to   space 512K,   0% used [0x05250000, 0x05250000, 0x052d0000)
 tenured generation   total 10944K, used 4509K [0x0a350000, 0x0ae00000, 0x14e00000)
   the space 10944K,  41% used [0x0a350000, 0x0a7b7638, 0x0a7b7800, 0x0ae00000)
 Metaspace       used 6117K, capacity 6276K, committed 6400K, reserved 6528K
}

